生成启动时间为 2021/8/24 17:44:07。
     1>项目“C:\Users\67081\Desktop\新建文件夹\ThreeLamps(处理视频版)\ThreeLamps\ThreeLamps.vcxproj”在节点 2 上(build 个目标)。
     1>InitializeBuildStatus:
         正在创建“x64\Debug\ThreeLamps.unsuccessfulbuild”，因为已指定“AlwaysCreate”。
       ClCompile:
         d:\Microsoft Visual Studio 10.0\VC\bin\x86_amd64\CL.exe /c /I"C:\Users\67081\Desktop\ThreeLamps(处理视频版)\include" /Zi /nologo /W3 /WX- /Od /D _MBCS /Gm /EHsc /RTC1 /MDd /GS /fp:precise /Zc:wchar_t /Zc:forScope /Fo"x64\Debug\\" /Fd"x64\Debug\vc100.pdb" /Gd /TP /errorReport:prompt ..\source\main.cpp
         main.cpp
     1>C:\Users\67081\Desktop\ThreeLamps(处理视频版)\include\PNPSolver.h(70): warning C4482: 使用了非标准扩展: 限定名中使用了枚举“PNPSolver::METHOD”
     1>C:\Users\67081\Desktop\ThreeLamps(处理视频版)\include\PNPSolver.h(132): warning C4244: “参数”: 从“double”转换到“float”，可能丢失数据
     1>C:\Users\67081\Desktop\ThreeLamps(处理视频版)\include\PNPSolver.h(132): warning C4244: “参数”: 从“double”转换到“float”，可能丢失数据
     1>C:\Users\67081\Desktop\ThreeLamps(处理视频版)\include\PNPSolver.h(132): warning C4244: “参数”: 从“double”转换到“float”，可能丢失数据
     1>..\source\main.cpp(81): warning C4101: “k”: 未引用的局部变量
     1>..\source\main.cpp(80): warning C4101: “filename”: 未引用的局部变量
       Link:
         d:\Microsoft Visual Studio 10.0\VC\bin\x86_amd64\link.exe /ERRORREPORT:PROMPT /OUT:"C:\Users\67081\Desktop\新建文件夹\ThreeLamps(处理视频版)\x64\Debug\ThreeLamps.exe" /NOLOGO MvCameraControl.lib opencv_calib3d2410d.lib opencv_contrib2410d.lib opencv_core2410d.lib opencv_features2d2410d.lib opencv_flann2410d.lib opencv_gpu2410d.lib opencv_highgui2410d.lib opencv_imgproc2410d.lib opencv_legacy2410d.lib opencv_ml2410d.lib opencv_nonfree2410d.lib opencv_objdetect2410d.lib opencv_ocl2410d.lib opencv_photo2410d.lib opencv_stitching2410d.lib opencv_superres2410d.lib opencv_video2410d.lib opencv_videostab2410d.lib opencv_calib3d2410.lib opencv_contrib2410.lib opencv_core2410.lib opencv_features2d2410.lib opencv_flann2410.lib opencv_gpu2410.lib opencv_highgui2410.lib opencv_imgproc2410.lib opencv_legacy2410.lib opencv_ml2410.lib opencv_nonfree2410.lib opencv_objdetect2410.lib opencv_ocl2410.lib opencv_photo2410.lib opencv_stitching2410.lib opencv_superres2410.lib opencv_ts2410.lib opencv_video2410.lib opencv_videostab2410.lib kernel32.lib user32.lib gdi32.lib winspool.lib comdlg32.lib advapi32.lib shell32.lib ole32.lib oleaut32.lib uuid.lib odbc32.lib odbccp32.lib /MANIFEST /ManifestFile:"x64\Debug\ThreeLamps.exe.intermediate.manifest" /MANIFESTUAC:"level='asInvoker' uiAccess='false'" /DEBUG /PDB:"C:\Users\67081\Desktop\新建文件夹\ThreeLamps(处理视频版)\x64\Debug\ThreeLamps.pdb" /TLBID:1 /DYNAMICBASE /NXCOMPAT /IMPLIB:"C:\Users\67081\Desktop\新建文件夹\ThreeLamps(处理视频版)\x64\Debug\ThreeLamps.lib" /MACHINE:X64 x64\Debug\Best_Code.obj
         x64\Debug\BWLabel.obj
         x64\Debug\EVA_dec.obj
         x64\Debug\main.obj
         x64\Debug\Source_loc.obj
         x64\Debug\abc.obj
         x64\Debug\PNPSolver.obj
         x64\Debug\stdafx.obj
         x64\Debug\WLAN_socket.obj
         LINK : 没有找到 C:\Users\67081\Desktop\新建文件夹\ThreeLamps(处理视频版)\x64\Debug\ThreeLamps.exe 或上一个增量链接没有生成它；正在执行完全链接
         ThreeLamps.vcxproj -> C:\Users\67081\Desktop\新建文件夹\ThreeLamps(处理视频版)\x64\Debug\ThreeLamps.exe
       Manifest:
         C:\Program Files (x86)\Microsoft SDKs\Windows\v7.0A\bin\mt.exe /nologo /verbose /outputresource:"C:\Users\67081\Desktop\新建文件夹\ThreeLamps(处理视频版)\x64\Debug\ThreeLamps.exe;#1" /manifest x64\Debug\ThreeLamps.exe.intermediate.manifest
       FinalizeBuildStatus:
         正在删除文件“x64\Debug\ThreeLamps.unsuccessfulbuild”。
         正在对“x64\Debug\ThreeLamps.lastbuildstate”执行 Touch 任务。
     1>已完成生成项目“C:\Users\67081\Desktop\新建文件夹\ThreeLamps(处理视频版)\ThreeLamps\ThreeLamps.vcxproj”(build 个目标)的操作。

生成成功。

已用时间 00:00:03.14
